Determining if the pthread_create exist failed with the following output:
Change Dir: /home/user001/ROCO506/turtlebot2_wss/turtlebot/build/CMakeFiles/CMakeTmp

Run Build Command:"/usr/bin/make" "cmTC_54337/fast"
/usr/bin/make -f CMakeFiles/cmTC_54337.dir/build.make CMakeFiles/cmTC_54337.dir/build
make[1]: Entering directory '/home/user001/ROCO506/turtlebot2_wss/turtlebot/build/CMakeFiles/CMakeTmp'
Building C object CMakeFiles/cmTC_54337.dir/CheckSymbolExists.c.o
/usr/bin/cc     -o CMakeFiles/cmTC_54337.dir/CheckSymbolExists.c.o   -c /home/user001/ROCO506/turtlebot2_wss/turtlebot/build/CMakeFiles/CMakeTmp/CheckSymbolExists.c
Linking C executable cmTC_54337
/usr/bin/cmake -E cmake_link_script CMakeFiles/cmTC_54337.dir/link.txt --verbose=1
/usr/bin/cc       CMakeFiles/cmTC_54337.dir/CheckSymbolExists.c.o  -o cmTC_54337 -rdynamic 
CMakeFiles/cmTC_54337.dir/CheckSymbolExists.c.o: In function `main':
CheckSymbolExists.c:(.text+0x16): undefined reference to `pthread_create'
collect2: error: ld returned 1 exit status
CMakeFiles/cmTC_54337.dir/build.make:97: recipe for target 'cmTC_54337' failed
make[1]: *** [cmTC_54337] Error 1
make[1]: Leaving directory '/home/user001/ROCO506/turtlebot2_wss/turtlebot/build/CMakeFiles/CMakeTmp'
Makefile:126: recipe for target 'cmTC_54337/fast' failed
make: *** [cmTC_54337/fast] Error 2

File /home/user001/ROCO506/turtlebot2_wss/turtlebot/build/CMakeFiles/CMakeTmp/CheckSymbolExists.c:
/* */
#include <pthread.h>

int main(int argc, char** argv)
{
  (void)argv;
#ifndef pthread_create
  return ((int*)(&pthread_create))[argc];
#else
  (void)argc;
  return 0;
#endif
}

Determining if the function pthread_create exists in the pthreads failed with the following output:
Change Dir: /home/user001/ROCO506/turtlebot2_wss/turtlebot/build/CMakeFiles/CMakeTmp

Run Build Command:"/usr/bin/make" "cmTC_e839e/fast"
/usr/bin/make -f CMakeFiles/cmTC_e839e.dir/build.make CMakeFiles/cmTC_e839e.dir/build
make[1]: Entering directory '/home/user001/ROCO506/turtlebot2_wss/turtlebot/build/CMakeFiles/CMakeTmp'
Building C object CMakeFiles/cmTC_e839e.dir/CheckFunctionExists.c.o
/usr/bin/cc    -DCHECK_FUNCTION_EXISTS=pthread_create   -o CMakeFiles/cmTC_e839e.dir/CheckFunctionExists.c.o   -c /usr/share/cmake-3.5/Modules/CheckFunctionExists.c
Linking C executable cmTC_e839e
/usr/bin/cmake -E cmake_link_script CMakeFiles/cmTC_e839e.dir/link.txt --verbose=1
/usr/bin/cc   -DCHECK_FUNCTION_EXISTS=pthread_create    CMakeFiles/cmTC_e839e.dir/CheckFunctionExists.c.o  -o cmTC_e839e -rdynamic -lpthreads 
/usr/bin/ld: cannot find -lpthreads
collect2: error: ld returned 1 exit status
CMakeFiles/cmTC_e839e.dir/build.make:97: recipe for target 'cmTC_e839e' failed
make[1]: *** [cmTC_e839e] Error 1
make[1]: Leaving directory '/home/user001/ROCO506/turtlebot2_wss/turtlebot/build/CMakeFiles/CMakeTmp'
Makefile:126: recipe for target 'cmTC_e839e/fast' failed
make: *** [cmTC_e839e/fast] Error 2


