Determining if the pthread_create exist failed with the following output:
Change Dir: /home/user001/ROCO506/turtlebot2_wss/turtlebot_map_and_nav/build/CMakeFiles/CMakeTmp

Run Build Command:"/usr/bin/make" "cmTC_f6c68/fast"
/usr/bin/make -f CMakeFiles/cmTC_f6c68.dir/build.make CMakeFiles/cmTC_f6c68.dir/build
make[1]: Entering directory '/home/user001/ROCO506/turtlebot2_wss/turtlebot_map_and_nav/build/CMakeFiles/CMakeTmp'
Building C object CMakeFiles/cmTC_f6c68.dir/CheckSymbolExists.c.o
/usr/bin/cc     -o CMakeFiles/cmTC_f6c68.dir/CheckSymbolExists.c.o   -c /home/user001/ROCO506/turtlebot2_wss/turtlebot_map_and_nav/build/CMakeFiles/CMakeTmp/CheckSymbolExists.c
Linking C executable cmTC_f6c68
/usr/bin/cmake -E cmake_link_script CMakeFiles/cmTC_f6c68.dir/link.txt --verbose=1
/usr/bin/cc       CMakeFiles/cmTC_f6c68.dir/CheckSymbolExists.c.o  -o cmTC_f6c68 -rdynamic 
CMakeFiles/cmTC_f6c68.dir/CheckSymbolExists.c.o: In function `main':
CheckSymbolExists.c:(.text+0x16): undefined reference to `pthread_create'
collect2: error: ld returned 1 exit status
CMakeFiles/cmTC_f6c68.dir/build.make:97: recipe for target 'cmTC_f6c68' failed
make[1]: *** [cmTC_f6c68] Error 1
make[1]: Leaving directory '/home/user001/ROCO506/turtlebot2_wss/turtlebot_map_and_nav/build/CMakeFiles/CMakeTmp'
Makefile:126: recipe for target 'cmTC_f6c68/fast' failed
make: *** [cmTC_f6c68/fast] Error 2

File /home/user001/ROCO506/turtlebot2_wss/turtlebot_map_and_nav/build/CMakeFiles/CMakeTmp/CheckSymbolExists.c:
/* */
#include <pthread.h>

int main(int argc, char** argv)
{
  (void)argv;
#ifndef pthread_create
  return ((int*)(&pthread_create))[argc];
#else
  (void)argc;
  return 0;
#endif
}

Determining if the function pthread_create exists in the pthreads failed with the following output:
Change Dir: /home/user001/ROCO506/turtlebot2_wss/turtlebot_map_and_nav/build/CMakeFiles/CMakeTmp

Run Build Command:"/usr/bin/make" "cmTC_403fc/fast"
/usr/bin/make -f CMakeFiles/cmTC_403fc.dir/build.make CMakeFiles/cmTC_403fc.dir/build
make[1]: Entering directory '/home/user001/ROCO506/turtlebot2_wss/turtlebot_map_and_nav/build/CMakeFiles/CMakeTmp'
Building C object CMakeFiles/cmTC_403fc.dir/CheckFunctionExists.c.o
/usr/bin/cc    -DCHECK_FUNCTION_EXISTS=pthread_create   -o CMakeFiles/cmTC_403fc.dir/CheckFunctionExists.c.o   -c /usr/share/cmake-3.5/Modules/CheckFunctionExists.c
Linking C executable cmTC_403fc
/usr/bin/cmake -E cmake_link_script CMakeFiles/cmTC_403fc.dir/link.txt --verbose=1
/usr/bin/cc   -DCHECK_FUNCTION_EXISTS=pthread_create    CMakeFiles/cmTC_403fc.dir/CheckFunctionExists.c.o  -o cmTC_403fc -rdynamic -lpthreads 
/usr/bin/ld: cannot find -lpthreads
collect2: error: ld returned 1 exit status
CMakeFiles/cmTC_403fc.dir/build.make:97: recipe for target 'cmTC_403fc' failed
make[1]: *** [cmTC_403fc] Error 1
make[1]: Leaving directory '/home/user001/ROCO506/turtlebot2_wss/turtlebot_map_and_nav/build/CMakeFiles/CMakeTmp'
Makefile:126: recipe for target 'cmTC_403fc/fast' failed
make: *** [cmTC_403fc/fast] Error 2


