Determining if the pthread_create exist failed with the following output:
Change Dir: /home/user001/turtlebot2_wss/turtlebot_simulation/build/vrep_ros_interface/CMakeFiles/CMakeTmp

Run Build Command:"/usr/bin/make" "cmTC_fee8d/fast"
/usr/bin/make -f CMakeFiles/cmTC_fee8d.dir/build.make CMakeFiles/cmTC_fee8d.dir/build
make[1]: Entering directory '/home/user001/turtlebot2_wss/turtlebot_simulation/build/vrep_ros_interface/CMakeFiles/CMakeTmp'
Building C object CMakeFiles/cmTC_fee8d.dir/CheckSymbolExists.c.o
/usr/bin/cc     -o CMakeFiles/cmTC_fee8d.dir/CheckSymbolExists.c.o   -c /home/user001/turtlebot2_wss/turtlebot_simulation/build/vrep_ros_interface/CMakeFiles/CMakeTmp/CheckSymbolExists.c
Linking C executable cmTC_fee8d
/usr/bin/cmake -E cmake_link_script CMakeFiles/cmTC_fee8d.dir/link.txt --verbose=1
/usr/bin/cc       CMakeFiles/cmTC_fee8d.dir/CheckSymbolExists.c.o  -o cmTC_fee8d -rdynamic 
CMakeFiles/cmTC_fee8d.dir/CheckSymbolExists.c.o: In function `main':
CheckSymbolExists.c:(.text+0x16): undefined reference to `pthread_create'
collect2: error: ld returned 1 exit status
CMakeFiles/cmTC_fee8d.dir/build.make:97: recipe for target 'cmTC_fee8d' failed
make[1]: *** [cmTC_fee8d] Error 1
make[1]: Leaving directory '/home/user001/turtlebot2_wss/turtlebot_simulation/build/vrep_ros_interface/CMakeFiles/CMakeTmp'
Makefile:126: recipe for target 'cmTC_fee8d/fast' failed
make: *** [cmTC_fee8d/fast] Error 2

File /home/user001/turtlebot2_wss/turtlebot_simulation/build/vrep_ros_interface/CMakeFiles/CMakeTmp/CheckSymbolExists.c:
/* */
#include <pthread.h>

int main(int argc, char** argv)
{
  (void)argv;
#ifndef pthread_create
  return ((int*)(&pthread_create))[argc];
#else
  (void)argc;
  return 0;
#endif
}

Determining if the function pthread_create exists in the pthreads failed with the following output:
Change Dir: /home/user001/turtlebot2_wss/turtlebot_simulation/build/vrep_ros_interface/CMakeFiles/CMakeTmp

Run Build Command:"/usr/bin/make" "cmTC_583ba/fast"
/usr/bin/make -f CMakeFiles/cmTC_583ba.dir/build.make CMakeFiles/cmTC_583ba.dir/build
make[1]: Entering directory '/home/user001/turtlebot2_wss/turtlebot_simulation/build/vrep_ros_interface/CMakeFiles/CMakeTmp'
Building C object CMakeFiles/cmTC_583ba.dir/CheckFunctionExists.c.o
/usr/bin/cc    -DCHECK_FUNCTION_EXISTS=pthread_create   -o CMakeFiles/cmTC_583ba.dir/CheckFunctionExists.c.o   -c /usr/share/cmake-3.5/Modules/CheckFunctionExists.c
Linking C executable cmTC_583ba
/usr/bin/cmake -E cmake_link_script CMakeFiles/cmTC_583ba.dir/link.txt --verbose=1
/usr/bin/cc   -DCHECK_FUNCTION_EXISTS=pthread_create    CMakeFiles/cmTC_583ba.dir/CheckFunctionExists.c.o  -o cmTC_583ba -rdynamic -lpthreads 
/usr/bin/ld: cannot find -lpthreads
collect2: error: ld returned 1 exit status
CMakeFiles/cmTC_583ba.dir/build.make:97: recipe for target 'cmTC_583ba' failed
make[1]: *** [cmTC_583ba] Error 1
make[1]: Leaving directory '/home/user001/turtlebot2_wss/turtlebot_simulation/build/vrep_ros_interface/CMakeFiles/CMakeTmp'
Makefile:126: recipe for target 'cmTC_583ba/fast' failed
make: *** [cmTC_583ba/fast] Error 2


