Determining if the pthread_create exist failed with the following output:
Change Dir: /home/user001/ROCO506/turtlebot2_wss/turtlebot_2dslam/build/CMakeFiles/CMakeTmp

Run Build Command:"/usr/bin/make" "cmTC_980bf/fast"
/usr/bin/make -f CMakeFiles/cmTC_980bf.dir/build.make CMakeFiles/cmTC_980bf.dir/build
make[1]: Entering directory '/home/user001/ROCO506/turtlebot2_wss/turtlebot_2dslam/build/CMakeFiles/CMakeTmp'
Building C object CMakeFiles/cmTC_980bf.dir/CheckSymbolExists.c.o
/usr/bin/cc     -o CMakeFiles/cmTC_980bf.dir/CheckSymbolExists.c.o   -c /home/user001/ROCO506/turtlebot2_wss/turtlebot_2dslam/build/CMakeFiles/CMakeTmp/CheckSymbolExists.c
Linking C executable cmTC_980bf
/usr/bin/cmake -E cmake_link_script CMakeFiles/cmTC_980bf.dir/link.txt --verbose=1
/usr/bin/cc       CMakeFiles/cmTC_980bf.dir/CheckSymbolExists.c.o  -o cmTC_980bf -rdynamic 
CMakeFiles/cmTC_980bf.dir/CheckSymbolExists.c.o: In function `main':
CheckSymbolExists.c:(.text+0x16): undefined reference to `pthread_create'
collect2: error: ld returned 1 exit status
CMakeFiles/cmTC_980bf.dir/build.make:97: recipe for target 'cmTC_980bf' failed
make[1]: *** [cmTC_980bf] Error 1
make[1]: Leaving directory '/home/user001/ROCO506/turtlebot2_wss/turtlebot_2dslam/build/CMakeFiles/CMakeTmp'
Makefile:126: recipe for target 'cmTC_980bf/fast' failed
make: *** [cmTC_980bf/fast] Error 2

File /home/user001/ROCO506/turtlebot2_wss/turtlebot_2dslam/build/CMakeFiles/CMakeTmp/CheckSymbolExists.c:
/* */
#include <pthread.h>

int main(int argc, char** argv)
{
  (void)argv;
#ifndef pthread_create
  return ((int*)(&pthread_create))[argc];
#else
  (void)argc;
  return 0;
#endif
}

Determining if the function pthread_create exists in the pthreads failed with the following output:
Change Dir: /home/user001/ROCO506/turtlebot2_wss/turtlebot_2dslam/build/CMakeFiles/CMakeTmp

Run Build Command:"/usr/bin/make" "cmTC_7bc4a/fast"
/usr/bin/make -f CMakeFiles/cmTC_7bc4a.dir/build.make CMakeFiles/cmTC_7bc4a.dir/build
make[1]: Entering directory '/home/user001/ROCO506/turtlebot2_wss/turtlebot_2dslam/build/CMakeFiles/CMakeTmp'
Building C object CMakeFiles/cmTC_7bc4a.dir/CheckFunctionExists.c.o
/usr/bin/cc    -DCHECK_FUNCTION_EXISTS=pthread_create   -o CMakeFiles/cmTC_7bc4a.dir/CheckFunctionExists.c.o   -c /usr/share/cmake-3.5/Modules/CheckFunctionExists.c
Linking C executable cmTC_7bc4a
/usr/bin/cmake -E cmake_link_script CMakeFiles/cmTC_7bc4a.dir/link.txt --verbose=1
/usr/bin/cc   -DCHECK_FUNCTION_EXISTS=pthread_create    CMakeFiles/cmTC_7bc4a.dir/CheckFunctionExists.c.o  -o cmTC_7bc4a -rdynamic -lpthreads 
/usr/bin/ld: cannot find -lpthreads
collect2: error: ld returned 1 exit status
CMakeFiles/cmTC_7bc4a.dir/build.make:97: recipe for target 'cmTC_7bc4a' failed
make[1]: *** [cmTC_7bc4a] Error 1
make[1]: Leaving directory '/home/user001/ROCO506/turtlebot2_wss/turtlebot_2dslam/build/CMakeFiles/CMakeTmp'
Makefile:126: recipe for target 'cmTC_7bc4a/fast' failed
make: *** [cmTC_7bc4a/fast] Error 2


