Determining if the pthread_create exist failed with the following output:
Change Dir: /home/user001/ROCO506/turtlebot2_wss/turtlebot_simulation/build/vrep_common/CMakeFiles/CMakeTmp

Run Build Command:"/usr/bin/make" "cmTC_3c6eb/fast"
/usr/bin/make -f CMakeFiles/cmTC_3c6eb.dir/build.make CMakeFiles/cmTC_3c6eb.dir/build
make[1]: Entering directory '/home/user001/ROCO506/turtlebot2_wss/turtlebot_simulation/build/vrep_common/CMakeFiles/CMakeTmp'
Building C object CMakeFiles/cmTC_3c6eb.dir/CheckSymbolExists.c.o
/usr/bin/cc     -o CMakeFiles/cmTC_3c6eb.dir/CheckSymbolExists.c.o   -c /home/user001/ROCO506/turtlebot2_wss/turtlebot_simulation/build/vrep_common/CMakeFiles/CMakeTmp/CheckSymbolExists.c
Linking C executable cmTC_3c6eb
/usr/bin/cmake -E cmake_link_script CMakeFiles/cmTC_3c6eb.dir/link.txt --verbose=1
/usr/bin/cc       CMakeFiles/cmTC_3c6eb.dir/CheckSymbolExists.c.o  -o cmTC_3c6eb -rdynamic 
CMakeFiles/cmTC_3c6eb.dir/CheckSymbolExists.c.o: In function `main':
CheckSymbolExists.c:(.text+0x16): undefined reference to `pthread_create'
collect2: error: ld returned 1 exit status
CMakeFiles/cmTC_3c6eb.dir/build.make:97: recipe for target 'cmTC_3c6eb' failed
make[1]: *** [cmTC_3c6eb] Error 1
make[1]: Leaving directory '/home/user001/ROCO506/turtlebot2_wss/turtlebot_simulation/build/vrep_common/CMakeFiles/CMakeTmp'
Makefile:126: recipe for target 'cmTC_3c6eb/fast' failed
make: *** [cmTC_3c6eb/fast] Error 2

File /home/user001/ROCO506/turtlebot2_wss/turtlebot_simulation/build/vrep_common/CMakeFiles/CMakeTmp/CheckSymbolExists.c:
/* */
#include <pthread.h>

int main(int argc, char** argv)
{
  (void)argv;
#ifndef pthread_create
  return ((int*)(&pthread_create))[argc];
#else
  (void)argc;
  return 0;
#endif
}

Determining if the function pthread_create exists in the pthreads failed with the following output:
Change Dir: /home/user001/ROCO506/turtlebot2_wss/turtlebot_simulation/build/vrep_common/CMakeFiles/CMakeTmp

Run Build Command:"/usr/bin/make" "cmTC_9f6f9/fast"
/usr/bin/make -f CMakeFiles/cmTC_9f6f9.dir/build.make CMakeFiles/cmTC_9f6f9.dir/build
make[1]: Entering directory '/home/user001/ROCO506/turtlebot2_wss/turtlebot_simulation/build/vrep_common/CMakeFiles/CMakeTmp'
Building C object CMakeFiles/cmTC_9f6f9.dir/CheckFunctionExists.c.o
/usr/bin/cc    -DCHECK_FUNCTION_EXISTS=pthread_create   -o CMakeFiles/cmTC_9f6f9.dir/CheckFunctionExists.c.o   -c /usr/share/cmake-3.5/Modules/CheckFunctionExists.c
Linking C executable cmTC_9f6f9
/usr/bin/cmake -E cmake_link_script CMakeFiles/cmTC_9f6f9.dir/link.txt --verbose=1
/usr/bin/cc   -DCHECK_FUNCTION_EXISTS=pthread_create    CMakeFiles/cmTC_9f6f9.dir/CheckFunctionExists.c.o  -o cmTC_9f6f9 -rdynamic -lpthreads 
/usr/bin/ld: cannot find -lpthreads
collect2: error: ld returned 1 exit status
CMakeFiles/cmTC_9f6f9.dir/build.make:97: recipe for target 'cmTC_9f6f9' failed
make[1]: *** [cmTC_9f6f9] Error 1
make[1]: Leaving directory '/home/user001/ROCO506/turtlebot2_wss/turtlebot_simulation/build/vrep_common/CMakeFiles/CMakeTmp'
Makefile:126: recipe for target 'cmTC_9f6f9/fast' failed
make: *** [cmTC_9f6f9/fast] Error 2


