[35m[1mScanning dependencies of target generate_ros_code[0m
[ 14%] [34m[1mGenerating generated/adv.cpp[0m
[ 14%] [34m[1mGenerating generated/pub.cpp[0m
[ 14%] [34m[1mGenerating generated/ros_msg_io.h[0m
WARNING: bad msg: driver_base/ConfigString
WARNING: bad msg: driver_base/ConfigString
WARNING: bad msg: driver_base/ConfigString
WARNING: bad msg: driver_base/ConfigValue
WARNING: bad msg: driver_base/ConfigValue
WARNING: bad msg: driver_base/ConfigValue
WARNING: bad msg: driver_base/SensorLevels
WARNING: bad msg: driver_base/SensorLevels
WARNING: bad msg: driver_base/SensorLevels
[ 19%] [34m[1mGenerating generated/srvsrv.cpp[0m
[ 23%] [34m[1mGenerating generated/ros_srv_io.cpp[0m
WARNING: bad msg: driver_base/ConfigString
WARNING: bad msg: driver_base/ConfigValue
WARNING: bad msg: driver_base/SensorLevels
[ 28%] [34m[1mGenerating generated/srvcli.cpp[0m
[ 33%] [34m[1mGenerating generated/ros_msg_io.cpp[0m
WARNING: bad msg: driver_base/ConfigString
WARNING: bad msg: driver_base/ConfigValue
WARNING: bad msg: driver_base/SensorLevels
[ 38%] [34m[1mGenerating generated/sub.cpp[0m
WARNING: bad msg: driver_base/ConfigString
WARNING: bad msg: driver_base/ConfigValue
WARNING: bad msg: driver_base/SensorLevels
WARNING: bad msg: driver_base/ConfigString
WARNING: bad msg: driver_base/ConfigValue
WARNING: bad msg: driver_base/SensorLevels
[ 42%] [34m[1mGenerating generated/ros_srv_io.h[0m
[ 47%] [34m[1mGenerating generated/srvcall.cpp[0m
[ 47%] Built target generate_ros_code
[ 52%] [34m[1mGenerating generated/stubs.cpp, generated/stubs.h, generated/lua_calltips.cpp[0m
/home/user001/turtlebot2_wss/turtlebot_simulation/src/vrep_ros_interface/external/v_repStubsGen/generate.py --xml-file /home/user001/turtlebot2_wss/turtlebot_simulation/src/vrep_ros_interface/meta/callbacks.xml --lua-file /home/user001/turtlebot2_wss/turtlebot_simulation/src/vrep_ros_interface/simExtRosInterface.lua --gen-all /home/user001/turtlebot2_wss/turtlebot_simulation/build/vrep_ros_interface/generated
python /home/user001/turtlebot2_wss/turtlebot_simulation/src/vrep_ros_interface/external/v_repStubsGen/external/pycpp/pycpp.py -p xml_file=/home/user001/turtlebot2_wss/turtlebot_simulation/src/vrep_ros_interface/meta/callbacks.xml -i /home/user001/turtlebot2_wss/turtlebot_simulation/src/vrep_ros_interface/external/v_repStubsGen/cpp/stubs.cpp -o /home/user001/turtlebot2_wss/turtlebot_simulation/build/vrep_ros_interface/generated/stubs.cpp -P /home/user001/turtlebot2_wss/turtlebot_simulation/src/vrep_ros_interface/external/v_repStubsGen
python /home/user001/turtlebot2_wss/turtlebot_simulation/src/vrep_ros_interface/external/v_repStubsGen/external/pycpp/pycpp.py -p xml_file=/home/user001/turtlebot2_wss/turtlebot_simulation/src/vrep_ros_interface/meta/callbacks.xml -i /home/user001/turtlebot2_wss/turtlebot_simulation/src/vrep_ros_interface/external/v_repStubsGen/cpp/stubs.h -o /home/user001/turtlebot2_wss/turtlebot_simulation/build/vrep_ros_interface/generated/stubs.h -P /home/user001/turtlebot2_wss/turtlebot_simulation/src/vrep_ros_interface/external/v_repStubsGen
python /home/user001/turtlebot2_wss/turtlebot_simulation/src/vrep_ros_interface/external/v_repStubsGen/lua_to_xml.py /home/user001/turtlebot2_wss/turtlebot_simulation/src/vrep_ros_interface/simExtRosInterface.lua /home/user001/turtlebot2_wss/turtlebot_simulation/build/vrep_ros_interface/generated/lua.xml
python /home/user001/turtlebot2_wss/turtlebot_simulation/src/vrep_ros_interface/external/v_repStubsGen/merge_xml.py /home/user001/turtlebot2_wss/turtlebot_simulation/src/vrep_ros_interface/meta/callbacks.xml /home/user001/turtlebot2_wss/turtlebot_simulation/build/vrep_ros_interface/generated/lua.xml /home/user001/turtlebot2_wss/turtlebot_simulation/build/vrep_ros_interface/generated/reference.xml
xsltproc -o /home/user001/turtlebot2_wss/turtlebot_simulation/build/vrep_ros_interface/generated/reference.html /home/user001/turtlebot2_wss/turtlebot_simulation/src/vrep_ros_interface/external/v_repStubsGen/xsl/reference.xsl /home/user001/turtlebot2_wss/turtlebot_simulation/build/vrep_ros_interface/generated/reference.xml
python /home/user001/turtlebot2_wss/turtlebot_simulation/src/vrep_ros_interface/external/v_repStubsGen/generate_lua_calltips.py RosInterface ROS /home/user001/turtlebot2_wss/turtlebot_simulation/src/vrep_ros_interface/simExtRosInterface.lua /home/user001/turtlebot2_wss/turtlebot_simulation/build/vrep_ros_interface/generated/lua_calltips.cpp
python /home/user001/turtlebot2_wss/turtlebot_simulation/src/vrep_ros_interface/external/v_repStubsGen/generate_notepadplusplus_xml.py /home/user001/turtlebot2_wss/turtlebot_simulation/build/vrep_ros_interface/generated/reference.xml /home/user001/turtlebot2_wss/turtlebot_simulation/build/vrep_ros_interface/generated/np++.xml
python /home/user001/turtlebot2_wss/turtlebot_simulation/src/vrep_ros_interface/external/v_repStubsGen/generate_notepadplusplus_txt.py /home/user001/turtlebot2_wss/turtlebot_simulation/build/vrep_ros_interface/generated/reference.xml /home/user001/turtlebot2_wss/turtlebot_simulation/build/vrep_ros_interface/generated/np++.txt
python /home/user001/turtlebot2_wss/turtlebot_simulation/src/vrep_ros_interface/external/v_repStubsGen/generate_deprecated_txt.py /home/user001/turtlebot2_wss/turtlebot_simulation/src/vrep_ros_interface/meta/callbacks.xml /home/user001/turtlebot2_wss/turtlebot_simulation/build/vrep_ros_interface/generated/deprecated_mapping.txt
[35m[1mScanning dependencies of target v_repExtRosInterface[0m
[ 57%] [32mBuilding CXX object CMakeFiles/v_repExtRosInterface.dir/src/vrep_ros_interface.cpp.o[0m
[ 61%] [32mBuilding CXX object CMakeFiles/v_repExtRosInterface.dir/external/v_repPlusPlus/Plugin.cpp.o[0m
[ 66%] [32mBuilding CXX object CMakeFiles/v_repExtRosInterface.dir/generated/stubs.cpp.o[0m
[ 71%] [32mBuilding CXX object CMakeFiles/v_repExtRosInterface.dir/src/ros_msg_builtin_io.cpp.o[0m
[ 76%] [32mBuilding CXX object CMakeFiles/v_repExtRosInterface.dir/home/user001/Programs/V-REP_PRO_EDU_V3_6_0/programming/common/v_repLib.cpp.o[0m
[ 80%] [32mBuilding CXX object CMakeFiles/v_repExtRosInterface.dir/generated/ros_msg_io.cpp.o[0m
[ 85%] [32mBuilding CXX object CMakeFiles/v_repExtRosInterface.dir/generated/ros_srv_io.cpp.o[0m
[ 90%] [32m[1mLinking CXX shared library /home/user001/turtlebot2_wss/turtlebot_simulation/devel/.private/vrep_ros_interface/lib/libv_repExtRosInterface.so[0m
[100%] Built target v_repExtRosInterface
