Determining if the pthread_create exist failed with the following output:
Change Dir: /home/florine_van/10662432_autonomous_nav/autonomous_navigation_wss/turtlebot_msgs/build/CMakeFiles/CMakeTmp

Run Build Command:"/usr/bin/make" "cmTC_aa8ae/fast"
/usr/bin/make -f CMakeFiles/cmTC_aa8ae.dir/build.make CMakeFiles/cmTC_aa8ae.dir/build
make[1]: Entering directory '/home/florine_van/10662432_autonomous_nav/autonomous_navigation_wss/turtlebot_msgs/build/CMakeFiles/CMakeTmp'
Building C object CMakeFiles/cmTC_aa8ae.dir/CheckSymbolExists.c.o
/usr/bin/cc     -o CMakeFiles/cmTC_aa8ae.dir/CheckSymbolExists.c.o   -c /home/florine_van/10662432_autonomous_nav/autonomous_navigation_wss/turtlebot_msgs/build/CMakeFiles/CMakeTmp/CheckSymbolExists.c
Linking C executable cmTC_aa8ae
/usr/bin/cmake -E cmake_link_script CMakeFiles/cmTC_aa8ae.dir/link.txt --verbose=1
/usr/bin/cc       CMakeFiles/cmTC_aa8ae.dir/CheckSymbolExists.c.o  -o cmTC_aa8ae -rdynamic 
CMakeFiles/cmTC_aa8ae.dir/CheckSymbolExists.c.o: In function `main':
CheckSymbolExists.c:(.text+0x16): undefined reference to `pthread_create'
collect2: error: ld returned 1 exit status
CMakeFiles/cmTC_aa8ae.dir/build.make:97: recipe for target 'cmTC_aa8ae' failed
make[1]: *** [cmTC_aa8ae] Error 1
make[1]: Leaving directory '/home/florine_van/10662432_autonomous_nav/autonomous_navigation_wss/turtlebot_msgs/build/CMakeFiles/CMakeTmp'
Makefile:126: recipe for target 'cmTC_aa8ae/fast' failed
make: *** [cmTC_aa8ae/fast] Error 2

File /home/florine_van/10662432_autonomous_nav/autonomous_navigation_wss/turtlebot_msgs/build/CMakeFiles/CMakeTmp/CheckSymbolExists.c:
/* */
#include <pthread.h>

int main(int argc, char** argv)
{
  (void)argv;
#ifndef pthread_create
  return ((int*)(&pthread_create))[argc];
#else
  (void)argc;
  return 0;
#endif
}

Determining if the function pthread_create exists in the pthreads failed with the following output:
Change Dir: /home/florine_van/10662432_autonomous_nav/autonomous_navigation_wss/turtlebot_msgs/build/CMakeFiles/CMakeTmp

Run Build Command:"/usr/bin/make" "cmTC_e14dc/fast"
/usr/bin/make -f CMakeFiles/cmTC_e14dc.dir/build.make CMakeFiles/cmTC_e14dc.dir/build
make[1]: Entering directory '/home/florine_van/10662432_autonomous_nav/autonomous_navigation_wss/turtlebot_msgs/build/CMakeFiles/CMakeTmp'
Building C object CMakeFiles/cmTC_e14dc.dir/CheckFunctionExists.c.o
/usr/bin/cc    -DCHECK_FUNCTION_EXISTS=pthread_create   -o CMakeFiles/cmTC_e14dc.dir/CheckFunctionExists.c.o   -c /usr/share/cmake-3.5/Modules/CheckFunctionExists.c
Linking C executable cmTC_e14dc
/usr/bin/cmake -E cmake_link_script CMakeFiles/cmTC_e14dc.dir/link.txt --verbose=1
/usr/bin/cc   -DCHECK_FUNCTION_EXISTS=pthread_create    CMakeFiles/cmTC_e14dc.dir/CheckFunctionExists.c.o  -o cmTC_e14dc -rdynamic -lpthreads 
/usr/bin/ld: cannot find -lpthreads
collect2: error: ld returned 1 exit status
CMakeFiles/cmTC_e14dc.dir/build.make:97: recipe for target 'cmTC_e14dc' failed
make[1]: *** [cmTC_e14dc] Error 1
make[1]: Leaving directory '/home/florine_van/10662432_autonomous_nav/autonomous_navigation_wss/turtlebot_msgs/build/CMakeFiles/CMakeTmp'
Makefile:126: recipe for target 'cmTC_e14dc/fast' failed
make: *** [cmTC_e14dc/fast] Error 2


