Determining if the pthread_create exist failed with the following output:
Change Dir: /home/user001/turtlebot2_wss/turtlebot_simulation/build/vrep_simulation/CMakeFiles/CMakeTmp

Run Build Command:"/usr/bin/make" "cmTC_d5745/fast"
/usr/bin/make -f CMakeFiles/cmTC_d5745.dir/build.make CMakeFiles/cmTC_d5745.dir/build
make[1]: Entering directory '/home/user001/turtlebot2_wss/turtlebot_simulation/build/vrep_simulation/CMakeFiles/CMakeTmp'
Building C object CMakeFiles/cmTC_d5745.dir/CheckSymbolExists.c.o
/usr/bin/cc     -o CMakeFiles/cmTC_d5745.dir/CheckSymbolExists.c.o   -c /home/user001/turtlebot2_wss/turtlebot_simulation/build/vrep_simulation/CMakeFiles/CMakeTmp/CheckSymbolExists.c
Linking C executable cmTC_d5745
/usr/bin/cmake -E cmake_link_script CMakeFiles/cmTC_d5745.dir/link.txt --verbose=1
/usr/bin/cc       CMakeFiles/cmTC_d5745.dir/CheckSymbolExists.c.o  -o cmTC_d5745 -rdynamic 
CMakeFiles/cmTC_d5745.dir/CheckSymbolExists.c.o: In function `main':
CheckSymbolExists.c:(.text+0x16): undefined reference to `pthread_create'
collect2: error: ld returned 1 exit status
CMakeFiles/cmTC_d5745.dir/build.make:97: recipe for target 'cmTC_d5745' failed
make[1]: *** [cmTC_d5745] Error 1
make[1]: Leaving directory '/home/user001/turtlebot2_wss/turtlebot_simulation/build/vrep_simulation/CMakeFiles/CMakeTmp'
Makefile:126: recipe for target 'cmTC_d5745/fast' failed
make: *** [cmTC_d5745/fast] Error 2

File /home/user001/turtlebot2_wss/turtlebot_simulation/build/vrep_simulation/CMakeFiles/CMakeTmp/CheckSymbolExists.c:
/* */
#include <pthread.h>

int main(int argc, char** argv)
{
  (void)argv;
#ifndef pthread_create
  return ((int*)(&pthread_create))[argc];
#else
  (void)argc;
  return 0;
#endif
}

Determining if the function pthread_create exists in the pthreads failed with the following output:
Change Dir: /home/user001/turtlebot2_wss/turtlebot_simulation/build/vrep_simulation/CMakeFiles/CMakeTmp

Run Build Command:"/usr/bin/make" "cmTC_43051/fast"
/usr/bin/make -f CMakeFiles/cmTC_43051.dir/build.make CMakeFiles/cmTC_43051.dir/build
make[1]: Entering directory '/home/user001/turtlebot2_wss/turtlebot_simulation/build/vrep_simulation/CMakeFiles/CMakeTmp'
Building C object CMakeFiles/cmTC_43051.dir/CheckFunctionExists.c.o
/usr/bin/cc    -DCHECK_FUNCTION_EXISTS=pthread_create   -o CMakeFiles/cmTC_43051.dir/CheckFunctionExists.c.o   -c /usr/share/cmake-3.5/Modules/CheckFunctionExists.c
Linking C executable cmTC_43051
/usr/bin/cmake -E cmake_link_script CMakeFiles/cmTC_43051.dir/link.txt --verbose=1
/usr/bin/cc   -DCHECK_FUNCTION_EXISTS=pthread_create    CMakeFiles/cmTC_43051.dir/CheckFunctionExists.c.o  -o cmTC_43051 -rdynamic -lpthreads 
/usr/bin/ld: cannot find -lpthreads
collect2: error: ld returned 1 exit status
CMakeFiles/cmTC_43051.dir/build.make:97: recipe for target 'cmTC_43051' failed
make[1]: *** [cmTC_43051] Error 1
make[1]: Leaving directory '/home/user001/turtlebot2_wss/turtlebot_simulation/build/vrep_simulation/CMakeFiles/CMakeTmp'
Makefile:126: recipe for target 'cmTC_43051/fast' failed
make: *** [cmTC_43051/fast] Error 2


